2016-12-22T13:40:19+00:00 ERR (3): Warning: include(Ves/Optimize/Model/Processor.php): failed to open stream: No such file or directory  in /home/xtechsgr/xtechsgr/mish/lib/Varien/Autoload.php on line 94
2016-12-22T13:40:19+00:00 ERR (3): Warning: include(Ves/Optimize/Model/Processor.php): failed to open stream: No such file or directory  in /home/xtechsgr/xtechsgr/mish/lib/Varien/Autoload.php on line 94
2016-12-22T13:40:19+00:00 ERR (3): Warning: include(): Failed opening 'Ves/Optimize/Model/Processor.php' for inclusion (include_path='/home/xtechsgr/xtechsgr/mish/app/code/local:/home/xtechsgr/xtechsgr/mish/app/code/community:/home/xtechsgr/xtechsgr/mish/app/code/core:/home/xtechsgr/xtechsgr/mish/lib:.:/opt/alt/php56/usr/share/pear:/opt/alt/php56/usr/share/php')  in /home/xtechsgr/xtechsgr/mish/lib/Varien/Autoload.php on line 94
2016-12-22T13:43:21+00:00 ERR (3): Warning: include(Ves/Optimize/Model/Processor.php): failed to open stream: No such file or directory  in /home/xtechsgr/xtechsgr/mish/lib/Varien/Autoload.php on line 94
2016-12-22T13:43:21+00:00 ERR (3): Warning: include(Ves/Optimize/Model/Processor.php): failed to open stream: No such file or directory  in /home/xtechsgr/xtechsgr/mish/lib/Varien/Autoload.php on line 94
2016-12-22T13:43:21+00:00 ERR (3): Warning: include(): Failed opening 'Ves/Optimize/Model/Processor.php' for inclusion (include_path='/home/xtechsgr/xtechsgr/mish/app/code/local:/home/xtechsgr/xtechsgr/mish/app/code/community:/home/xtechsgr/xtechsgr/mish/app/code/core:/home/xtechsgr/xtechsgr/mish/lib:.:/opt/alt/php56/usr/share/pear:/opt/alt/php56/usr/share/php')  in /home/xtechsgr/xtechsgr/mish/lib/Varien/Autoload.php on line 94
2016-12-22T13:45:04+00:00 ERR (3): Warning: include(Ves/Optimize/Model/Processor.php): failed to open stream: No such file or directory  in /home/xtechsgr/xtechsgr/mish/lib/Varien/Autoload.php on line 94
2016-12-22T13:45:04+00:00 ERR (3): Warning: include(Ves/Optimize/Model/Processor.php): failed to open stream: No such file or directory  in /home/xtechsgr/xtechsgr/mish/lib/Varien/Autoload.php on line 94
2016-12-22T13:45:04+00:00 ERR (3): Warning: include(): Failed opening 'Ves/Optimize/Model/Processor.php' for inclusion (include_path='/home/xtechsgr/xtechsgr/mish/app/code/local:/home/xtechsgr/xtechsgr/mish/app/code/community:/home/xtechsgr/xtechsgr/mish/app/code/core:/home/xtechsgr/xtechsgr/mish/lib:.:/opt/alt/php56/usr/share/pear:/opt/alt/php56/usr/share/php')  in /home/xtechsgr/xtechsgr/mish/lib/Varien/Autoload.php on line 94
2016-12-22T13:45:05+00:00 ERR (3): Warning: include(Ves/Optimize/Model/Processor.php): failed to open stream: No such file or directory  in /home/xtechsgr/xtechsgr/mish/lib/Varien/Autoload.php on line 94
2016-12-22T13:45:05+00:00 ERR (3): Warning: include(Ves/Optimize/Model/Processor.php): failed to open stream: No such file or directory  in /home/xtechsgr/xtechsgr/mish/lib/Varien/Autoload.php on line 94
2016-12-22T13:45:05+00:00 ERR (3): Warning: include(): Failed opening 'Ves/Optimize/Model/Processor.php' for inclusion (include_path='/home/xtechsgr/xtechsgr/mish/app/code/local:/home/xtechsgr/xtechsgr/mish/app/code/community:/home/xtechsgr/xtechsgr/mish/app/code/core:/home/xtechsgr/xtechsgr/mish/lib:.:/opt/alt/php56/usr/share/pear:/opt/alt/php56/usr/share/php')  in /home/xtechsgr/xtechsgr/mish/lib/Varien/Autoload.php on line 94
2016-12-22T13:45:08+00:00 ERR (3): Warning: include(Ves/Optimize/Model/Processor.php): failed to open stream: No such file or directory  in /home/xtechsgr/xtechsgr/mish/lib/Varien/Autoload.php on line 94
2016-12-22T13:45:08+00:00 ERR (3): Warning: include(Ves/Optimize/Model/Processor.php): failed to open stream: No such file or directory  in /home/xtechsgr/xtechsgr/mish/lib/Varien/Autoload.php on line 94
2016-12-22T13:45:08+00:00 ERR (3): Warning: include(): Failed opening 'Ves/Optimize/Model/Processor.php' for inclusion (include_path='/home/xtechsgr/xtechsgr/mish/app/code/local:/home/xtechsgr/xtechsgr/mish/app/code/community:/home/xtechsgr/xtechsgr/mish/app/code/core:/home/xtechsgr/xtechsgr/mish/lib:.:/opt/alt/php56/usr/share/pear:/opt/alt/php56/usr/share/php')  in /home/xtechsgr/xtechsgr/mish/lib/Varien/Autoload.php on line 94
2016-12-22T13:45:10+00:00 ERR (3): Warning: include(Ves/Optimize/Model/Processor.php): failed to open stream: No such file or directory  in /home/xtechsgr/xtechsgr/mish/lib/Varien/Autoload.php on line 94
2016-12-22T13:45:10+00:00 ERR (3): Warning: include(Ves/Optimize/Model/Processor.php): failed to open stream: No such file or directory  in /home/xtechsgr/xtechsgr/mish/lib/Varien/Autoload.php on line 94
2016-12-22T13:45:10+00:00 ERR (3): Warning: include(): Failed opening 'Ves/Optimize/Model/Processor.php' for inclusion (include_path='/home/xtechsgr/xtechsgr/mish/app/code/local:/home/xtechsgr/xtechsgr/mish/app/code/community:/home/xtechsgr/xtechsgr/mish/app/code/core:/home/xtechsgr/xtechsgr/mish/lib:.:/opt/alt/php56/usr/share/pear:/opt/alt/php56/usr/share/php')  in /home/xtechsgr/xtechsgr/mish/lib/Varien/Autoload.php on line 94
2016-12-22T13:53:18+00:00 ERR (3): Warning: include(Ves/Optimize/Model/Processor.php): failed to open stream: No such file or directory  in /home/xtechsgr/xtechsgr/mish/lib/Varien/Autoload.php on line 94
2016-12-22T13:53:18+00:00 ERR (3): Warning: include(Ves/Optimize/Model/Processor.php): failed to open stream: No such file or directory  in /home/xtechsgr/xtechsgr/mish/lib/Varien/Autoload.php on line 94
2016-12-22T13:53:18+00:00 ERR (3): Warning: include(): Failed opening 'Ves/Optimize/Model/Processor.php' for inclusion (include_path='/home/xtechsgr/xtechsgr/mish/app/code/local:/home/xtechsgr/xtechsgr/mish/app/code/community:/home/xtechsgr/xtechsgr/mish/app/code/core:/home/xtechsgr/xtechsgr/mish/lib:.:/opt/alt/php56/usr/share/pear:/opt/alt/php56/usr/share/php')  in /home/xtechsgr/xtechsgr/mish/lib/Varien/Autoload.php on line 94
2016-12-22T13:56:54+00:00 ERR (3): Warning: include(Ves/Optimize/Model/Processor.php): failed to open stream: No such file or directory  in /home/xtechsgr/xtechsgr/mish/lib/Varien/Autoload.php on line 94
2016-12-22T13:56:54+00:00 ERR (3): Warning: include(Ves/Optimize/Model/Processor.php): failed to open stream: No such file or directory  in /home/xtechsgr/xtechsgr/mish/lib/Varien/Autoload.php on line 94
2016-12-22T13:56:54+00:00 ERR (3): Warning: include(): Failed opening 'Ves/Optimize/Model/Processor.php' for inclusion (include_path='/home/xtechsgr/xtechsgr/mish/app/code/local:/home/xtechsgr/xtechsgr/mish/app/code/community:/home/xtechsgr/xtechsgr/mish/app/code/core:/home/xtechsgr/xtechsgr/mish/lib:.:/opt/alt/php56/usr/share/pear:/opt/alt/php56/usr/share/php')  in /home/xtechsgr/xtechsgr/mish/lib/Varien/Autoload.php on line 94
2016-12-22T13:59:50+00:00 ERR (3): Warning: include(Ves/Optimize/Model/Processor.php): failed to open stream: No such file or directory  in /home/xtechsgr/xtechsgr/mish/lib/Varien/Autoload.php on line 94
2016-12-22T13:59:50+00:00 ERR (3): Warning: include(Ves/Optimize/Model/Processor.php): failed to open stream: No such file or directory  in /home/xtechsgr/xtechsgr/mish/lib/Varien/Autoload.php on line 94
2016-12-22T13:59:50+00:00 ERR (3): Warning: include(): Failed opening 'Ves/Optimize/Model/Processor.php' for inclusion (include_path='/home/xtechsgr/xtechsgr/mish/app/code/local:/home/xtechsgr/xtechsgr/mish/app/code/community:/home/xtechsgr/xtechsgr/mish/app/code/core:/home/xtechsgr/xtechsgr/mish/lib:.:/opt/alt/php56/usr/share/pear:/opt/alt/php56/usr/share/php')  in /home/xtechsgr/xtechsgr/mish/lib/Varien/Autoload.php on line 94
2016-12-22T14:12:06+00:00 ERR (3): Warning: include(Ves/Optimize/Model/Processor.php): failed to open stream: No such file or directory  in /home/xtechsgr/xtechsgr/mish/lib/Varien/Autoload.php on line 94
2016-12-22T14:12:06+00:00 ERR (3): Warning: include(Ves/Optimize/Model/Processor.php): failed to open stream: No such file or directory  in /home/xtechsgr/xtechsgr/mish/lib/Varien/Autoload.php on line 94
2016-12-22T14:12:06+00:00 ERR (3): Warning: include(): Failed opening 'Ves/Optimize/Model/Processor.php' for inclusion (include_path='/home/xtechsgr/xtechsgr/mish/app/code/local:/home/xtechsgr/xtechsgr/mish/app/code/community:/home/xtechsgr/xtechsgr/mish/app/code/core:/home/xtechsgr/xtechsgr/mish/lib:.:/opt/alt/php56/usr/share/pear:/opt/alt/php56/usr/share/php')  in /home/xtechsgr/xtechsgr/mish/lib/Varien/Autoload.php on line 94
2016-12-22T14:25:33+00:00 ERR (3): Warning: include(Ves/Optimize/Model/Processor.php): failed to open stream: No such file or directory  in /home/xtechsgr/xtechsgr/mish/lib/Varien/Autoload.php on line 94
2016-12-22T14:25:33+00:00 ERR (3): Warning: include(Ves/Optimize/Model/Processor.php): failed to open stream: No such file or directory  in /home/xtechsgr/xtechsgr/mish/lib/Varien/Autoload.php on line 94
2016-12-22T14:25:33+00:00 ERR (3): Warning: include(): Failed opening 'Ves/Optimize/Model/Processor.php' for inclusion (include_path='/home/xtechsgr/xtechsgr/mish/app/code/local:/home/xtechsgr/xtechsgr/mish/app/code/community:/home/xtechsgr/xtechsgr/mish/app/code/core:/home/xtechsgr/xtechsgr/mish/lib:.:/opt/alt/php56/usr/share/pear:/opt/alt/php56/usr/share/php')  in /home/xtechsgr/xtechsgr/mish/lib/Varien/Autoload.php on line 94
2016-12-22T14:49:40+00:00 ERR (3): Warning: include(Ves/Optimize/Model/Processor.php): failed to open stream: No such file or directory  in /home/xtechsgr/xtechsgr/mish/lib/Varien/Autoload.php on line 94
2016-12-22T14:49:40+00:00 ERR (3): Warning: include(Ves/Optimize/Model/Processor.php): failed to open stream: No such file or directory  in /home/xtechsgr/xtechsgr/mish/lib/Varien/Autoload.php on line 94
2016-12-22T14:49:40+00:00 ERR (3): Warning: include(): Failed opening 'Ves/Optimize/Model/Processor.php' for inclusion (include_path='/home/xtechsgr/xtechsgr/mish/app/code/local:/home/xtechsgr/xtechsgr/mish/app/code/community:/home/xtechsgr/xtechsgr/mish/app/code/core:/home/xtechsgr/xtechsgr/mish/lib:.:/opt/alt/php56/usr/share/pear:/opt/alt/php56/usr/share/php')  in /home/xtechsgr/xtechsgr/mish/lib/Varien/Autoload.php on line 94
2016-12-22T14:53:07+00:00 ERR (3): Warning: include(Ves/Optimize/Model/Processor.php): failed to open stream: No such file or directory  in /home/xtechsgr/xtechsgr/mish/lib/Varien/Autoload.php on line 94
2016-12-22T14:53:07+00:00 ERR (3): Warning: include(Ves/Optimize/Model/Processor.php): failed to open stream: No such file or directory  in /home/xtechsgr/xtechsgr/mish/lib/Varien/Autoload.php on line 94
2016-12-22T14:53:07+00:00 ERR (3): Warning: include(): Failed opening 'Ves/Optimize/Model/Processor.php' for inclusion (include_path='/home/xtechsgr/xtechsgr/mish/app/code/local:/home/xtechsgr/xtechsgr/mish/app/code/community:/home/xtechsgr/xtechsgr/mish/app/code/core:/home/xtechsgr/xtechsgr/mish/lib:.:/opt/alt/php56/usr/share/pear:/opt/alt/php56/usr/share/php')  in /home/xtechsgr/xtechsgr/mish/lib/Varien/Autoload.php on line 94
2016-12-22T14:53:29+00:00 ERR (3): Warning: include(Ves/Optimize/Model/Processor.php): failed to open stream: No such file or directory  in /home/xtechsgr/xtechsgr/mish/lib/Varien/Autoload.php on line 94
2016-12-22T14:53:29+00:00 ERR (3): Warning: include(Ves/Optimize/Model/Processor.php): failed to open stream: No such file or directory  in /home/xtechsgr/xtechsgr/mish/lib/Varien/Autoload.php on line 94
2016-12-22T14:53:29+00:00 ERR (3): Warning: include(): Failed opening 'Ves/Optimize/Model/Processor.php' for inclusion (include_path='/home/xtechsgr/xtechsgr/mish/app/code/local:/home/xtechsgr/xtechsgr/mish/app/code/community:/home/xtechsgr/xtechsgr/mish/app/code/core:/home/xtechsgr/xtechsgr/mish/lib:.:/opt/alt/php56/usr/share/pear:/opt/alt/php56/usr/share/php')  in /home/xtechsgr/xtechsgr/mish/lib/Varien/Autoload.php on line 94
2016-12-22T14:53:33+00:00 ERR (3): Warning: include(Ves/Optimize/Model/Processor.php): failed to open stream: No such file or directory  in /home/xtechsgr/xtechsgr/mish/lib/Varien/Autoload.php on line 94
2016-12-22T14:53:33+00:00 ERR (3): Warning: include(Ves/Optimize/Model/Processor.php): failed to open stream: No such file or directory  in /home/xtechsgr/xtechsgr/mish/lib/Varien/Autoload.php on line 94
2016-12-22T14:53:33+00:00 ERR (3): Warning: include(): Failed opening 'Ves/Optimize/Model/Processor.php' for inclusion (include_path='/home/xtechsgr/xtechsgr/mish/app/code/local:/home/xtechsgr/xtechsgr/mish/app/code/community:/home/xtechsgr/xtechsgr/mish/app/code/core:/home/xtechsgr/xtechsgr/mish/lib:.:/opt/alt/php56/usr/share/pear:/opt/alt/php56/usr/share/php')  in /home/xtechsgr/xtechsgr/mish/lib/Varien/Autoload.php on line 94
2016-12-22T14:53:38+00:00 ERR (3): Warning: include(Ves/Optimize/Model/Processor.php): failed to open stream: No such file or directory  in /home/xtechsgr/xtechsgr/mish/lib/Varien/Autoload.php on line 94
2016-12-22T14:53:38+00:00 ERR (3): Warning: include(Ves/Optimize/Model/Processor.php): failed to open stream: No such file or directory  in /home/xtechsgr/xtechsgr/mish/lib/Varien/Autoload.php on line 94
2016-12-22T14:53:38+00:00 ERR (3): Warning: include(): Failed opening 'Ves/Optimize/Model/Processor.php' for inclusion (include_path='/home/xtechsgr/xtechsgr/mish/app/code/local:/home/xtechsgr/xtechsgr/mish/app/code/community:/home/xtechsgr/xtechsgr/mish/app/code/core:/home/xtechsgr/xtechsgr/mish/lib:.:/opt/alt/php56/usr/share/pear:/opt/alt/php56/usr/share/php')  in /home/xtechsgr/xtechsgr/mish/lib/Varien/Autoload.php on line 94
2016-12-22T14:53:48+00:00 ERR (3): Warning: include(Ves/Optimize/Model/Processor.php): failed to open stream: No such file or directory  in /home/xtechsgr/xtechsgr/mish/lib/Varien/Autoload.php on line 94
2016-12-22T14:53:48+00:00 ERR (3): Warning: include(Ves/Optimize/Model/Processor.php): failed to open stream: No such file or directory  in /home/xtechsgr/xtechsgr/mish/lib/Varien/Autoload.php on line 94
2016-12-22T14:53:48+00:00 ERR (3): Warning: include(): Failed opening 'Ves/Optimize/Model/Processor.php' for inclusion (include_path='/home/xtechsgr/xtechsgr/mish/app/code/local:/home/xtechsgr/xtechsgr/mish/app/code/community:/home/xtechsgr/xtechsgr/mish/app/code/core:/home/xtechsgr/xtechsgr/mish/lib:.:/opt/alt/php56/usr/share/pear:/opt/alt/php56/usr/share/php')  in /home/xtechsgr/xtechsgr/mish/lib/Varien/Autoload.php on line 94
2016-12-22T14:53:52+00:00 ERR (3): Warning: include(Ves/Optimize/Model/Processor.php): failed to open stream: No such file or directory  in /home/xtechsgr/xtechsgr/mish/lib/Varien/Autoload.php on line 94
2016-12-22T14:53:52+00:00 ERR (3): Warning: include(Ves/Optimize/Model/Processor.php): failed to open stream: No such file or directory  in /home/xtechsgr/xtechsgr/mish/lib/Varien/Autoload.php on line 94
2016-12-22T14:53:52+00:00 ERR (3): Warning: include(): Failed opening 'Ves/Optimize/Model/Processor.php' for inclusion (include_path='/home/xtechsgr/xtechsgr/mish/app/code/local:/home/xtechsgr/xtechsgr/mish/app/code/community:/home/xtechsgr/xtechsgr/mish/app/code/core:/home/xtechsgr/xtechsgr/mish/lib:.:/opt/alt/php56/usr/share/pear:/opt/alt/php56/usr/share/php')  in /home/xtechsgr/xtechsgr/mish/lib/Varien/Autoload.php on line 94
2016-12-22T14:54:07+00:00 ERR (3): Warning: include(Ves/Optimize/Model/Processor.php): failed to open stream: No such file or directory  in /home/xtechsgr/xtechsgr/mish/lib/Varien/Autoload.php on line 94
2016-12-22T14:54:07+00:00 ERR (3): Warning: include(Ves/Optimize/Model/Processor.php): failed to open stream: No such file or directory  in /home/xtechsgr/xtechsgr/mish/lib/Varien/Autoload.php on line 94
2016-12-22T14:54:07+00:00 ERR (3): Warning: include(): Failed opening 'Ves/Optimize/Model/Processor.php' for inclusion (include_path='/home/xtechsgr/xtechsgr/mish/app/code/local:/home/xtechsgr/xtechsgr/mish/app/code/community:/home/xtechsgr/xtechsgr/mish/app/code/core:/home/xtechsgr/xtechsgr/mish/lib:.:/opt/alt/php56/usr/share/pear:/opt/alt/php56/usr/share/php')  in /home/xtechsgr/xtechsgr/mish/lib/Varien/Autoload.php on line 94
2016-12-22T14:54:15+00:00 ERR (3): Warning: include(Ves/Optimize/Model/Processor.php): failed to open stream: No such file or directory  in /home/xtechsgr/xtechsgr/mish/lib/Varien/Autoload.php on line 94
2016-12-22T14:54:15+00:00 ERR (3): Warning: include(Ves/Optimize/Model/Processor.php): failed to open stream: No such file or directory  in /home/xtechsgr/xtechsgr/mish/lib/Varien/Autoload.php on line 94
2016-12-22T14:54:15+00:00 ERR (3): Warning: include(): Failed opening 'Ves/Optimize/Model/Processor.php' for inclusion (include_path='/home/xtechsgr/xtechsgr/mish/app/code/local:/home/xtechsgr/xtechsgr/mish/app/code/community:/home/xtechsgr/xtechsgr/mish/app/code/core:/home/xtechsgr/xtechsgr/mish/lib:.:/opt/alt/php56/usr/share/pear:/opt/alt/php56/usr/share/php')  in /home/xtechsgr/xtechsgr/mish/lib/Varien/Autoload.php on line 94
2016-12-22T14:54:42+00:00 ERR (3): Warning: include(Ves/Optimize/Model/Processor.php): failed to open stream: No such file or directory  in /home/xtechsgr/xtechsgr/mish/lib/Varien/Autoload.php on line 94
2016-12-22T14:54:42+00:00 ERR (3): Warning: include(Ves/Optimize/Model/Processor.php): failed to open stream: No such file or directory  in /home/xtechsgr/xtechsgr/mish/lib/Varien/Autoload.php on line 94
2016-12-22T14:54:42+00:00 ERR (3): Warning: include(): Failed opening 'Ves/Optimize/Model/Processor.php' for inclusion (include_path='/home/xtechsgr/xtechsgr/mish/app/code/local:/home/xtechsgr/xtechsgr/mish/app/code/community:/home/xtechsgr/xtechsgr/mish/app/code/core:/home/xtechsgr/xtechsgr/mish/lib:.:/opt/alt/php56/usr/share/pear:/opt/alt/php56/usr/share/php')  in /home/xtechsgr/xtechsgr/mish/lib/Varien/Autoload.php on line 94
2016-12-22T14:55:32+00:00 ERR (3): Warning: include(Ves/Optimize/Model/Processor.php): failed to open stream: No such file or directory  in /home/xtechsgr/xtechsgr/mish/lib/Varien/Autoload.php on line 94
2016-12-22T14:55:32+00:00 ERR (3): Warning: include(Ves/Optimize/Model/Processor.php): failed to open stream: No such file or directory  in /home/xtechsgr/xtechsgr/mish/lib/Varien/Autoload.php on line 94
2016-12-22T14:55:32+00:00 ERR (3): Warning: include(): Failed opening 'Ves/Optimize/Model/Processor.php' for inclusion (include_path='/home/xtechsgr/xtechsgr/mish/app/code/local:/home/xtechsgr/xtechsgr/mish/app/code/community:/home/xtechsgr/xtechsgr/mish/app/code/core:/home/xtechsgr/xtechsgr/mish/lib:.:/opt/alt/php56/usr/share/pear:/opt/alt/php56/usr/share/php')  in /home/xtechsgr/xtechsgr/mish/lib/Varien/Autoload.php on line 94
2016-12-22T14:55:45+00:00 ERR (3): Warning: include(Ves/Optimize/Model/Processor.php): failed to open stream: No such file or directory  in /home/xtechsgr/xtechsgr/mish/lib/Varien/Autoload.php on line 94
2016-12-22T14:55:45+00:00 ERR (3): Warning: include(Ves/Optimize/Model/Processor.php): failed to open stream: No such file or directory  in /home/xtechsgr/xtechsgr/mish/lib/Varien/Autoload.php on line 94
2016-12-22T14:55:45+00:00 ERR (3): Warning: include(): Failed opening 'Ves/Optimize/Model/Processor.php' for inclusion (include_path='/home/xtechsgr/xtechsgr/mish/app/code/local:/home/xtechsgr/xtechsgr/mish/app/code/community:/home/xtechsgr/xtechsgr/mish/app/code/core:/home/xtechsgr/xtechsgr/mish/lib:.:/opt/alt/php56/usr/share/pear:/opt/alt/php56/usr/share/php')  in /home/xtechsgr/xtechsgr/mish/lib/Varien/Autoload.php on line 94
2016-12-22T14:55:50+00:00 ERR (3): Warning: include(Ves/Optimize/Model/Processor.php): failed to open stream: No such file or directory  in /home/xtechsgr/xtechsgr/mish/lib/Varien/Autoload.php on line 94
2016-12-22T14:55:50+00:00 ERR (3): Warning: include(Ves/Optimize/Model/Processor.php): failed to open stream: No such file or directory  in /home/xtechsgr/xtechsgr/mish/lib/Varien/Autoload.php on line 94
2016-12-22T14:55:50+00:00 ERR (3): Warning: include(): Failed opening 'Ves/Optimize/Model/Processor.php' for inclusion (include_path='/home/xtechsgr/xtechsgr/mish/app/code/local:/home/xtechsgr/xtechsgr/mish/app/code/community:/home/xtechsgr/xtechsgr/mish/app/code/core:/home/xtechsgr/xtechsgr/mish/lib:.:/opt/alt/php56/usr/share/pear:/opt/alt/php56/usr/share/php')  in /home/xtechsgr/xtechsgr/mish/lib/Varien/Autoload.php on line 94
2016-12-22T14:56:04+00:00 ERR (3): Warning: include(Ves/Optimize/Model/Processor.php): failed to open stream: No such file or directory  in /home/xtechsgr/xtechsgr/mish/lib/Varien/Autoload.php on line 94
2016-12-22T14:56:04+00:00 ERR (3): Warning: include(Ves/Optimize/Model/Processor.php): failed to open stream: No such file or directory  in /home/xtechsgr/xtechsgr/mish/lib/Varien/Autoload.php on line 94
2016-12-22T14:56:04+00:00 ERR (3): Warning: include(): Failed opening 'Ves/Optimize/Model/Processor.php' for inclusion (include_path='/home/xtechsgr/xtechsgr/mish/app/code/local:/home/xtechsgr/xtechsgr/mish/app/code/community:/home/xtechsgr/xtechsgr/mish/app/code/core:/home/xtechsgr/xtechsgr/mish/lib:.:/opt/alt/php56/usr/share/pear:/opt/alt/php56/usr/share/php')  in /home/xtechsgr/xtechsgr/mish/lib/Varien/Autoload.php on line 94
2016-12-22T15:38:56+00:00 ERR (3): Warning: include(Ves/Optimize/Model/Processor.php): failed to open stream: No such file or directory  in /home/xtechsgr/xtechsgr/mish/lib/Varien/Autoload.php on line 94
2016-12-22T15:38:56+00:00 ERR (3): Warning: include(Ves/Optimize/Model/Processor.php): failed to open stream: No such file or directory  in /home/xtechsgr/xtechsgr/mish/lib/Varien/Autoload.php on line 94
2016-12-22T15:38:56+00:00 ERR (3): Warning: include(): Failed opening 'Ves/Optimize/Model/Processor.php' for inclusion (include_path='/home/xtechsgr/xtechsgr/mish/app/code/local:/home/xtechsgr/xtechsgr/mish/app/code/community:/home/xtechsgr/xtechsgr/mish/app/code/core:/home/xtechsgr/xtechsgr/mish/lib:.:/opt/alt/php56/usr/share/pear:/opt/alt/php56/usr/share/php')  in /home/xtechsgr/xtechsgr/mish/lib/Varien/Autoload.php on line 94
2016-12-22T15:54:27+00:00 ERR (3): Warning: include(Ves/Optimize/Model/Processor.php): failed to open stream: No such file or directory  in /home/xtechsgr/xtechsgr/mish/lib/Varien/Autoload.php on line 94
2016-12-22T15:54:27+00:00 ERR (3): Warning: include(Ves/Optimize/Model/Processor.php): failed to open stream: No such file or directory  in /home/xtechsgr/xtechsgr/mish/lib/Varien/Autoload.php on line 94
2016-12-22T15:54:27+00:00 ERR (3): Warning: include(): Failed opening 'Ves/Optimize/Model/Processor.php' for inclusion (include_path='/home/xtechsgr/xtechsgr/mish/app/code/local:/home/xtechsgr/xtechsgr/mish/app/code/community:/home/xtechsgr/xtechsgr/mish/app/code/core:/home/xtechsgr/xtechsgr/mish/lib:.:/opt/alt/php56/usr/share/pear:/opt/alt/php56/usr/share/php')  in /home/xtechsgr/xtechsgr/mish/lib/Varien/Autoload.php on line 94
2016-12-22T17:59:46+00:00 ERR (3): Warning: include(Ves/Optimize/Model/Processor.php): failed to open stream: No such file or directory  in /home/xtechsgr/xtechsgr/mish/lib/Varien/Autoload.php on line 94
2016-12-22T17:59:46+00:00 ERR (3): Warning: include(Ves/Optimize/Model/Processor.php): failed to open stream: No such file or directory  in /home/xtechsgr/xtechsgr/mish/lib/Varien/Autoload.php on line 94
2016-12-22T17:59:46+00:00 ERR (3): Warning: include(): Failed opening 'Ves/Optimize/Model/Processor.php' for inclusion (include_path='/home/xtechsgr/xtechsgr/mish/app/code/local:/home/xtechsgr/xtechsgr/mish/app/code/community:/home/xtechsgr/xtechsgr/mish/app/code/core:/home/xtechsgr/xtechsgr/mish/lib:.:/opt/alt/php56/usr/share/pear:/opt/alt/php56/usr/share/php')  in /home/xtechsgr/xtechsgr/mish/lib/Varien/Autoload.php on line 94
2016-12-23T05:43:41+00:00 ERR (3): Warning: include(Ves/Optimize/Model/Processor.php): failed to open stream: No such file or directory  in /home/xtechsgr/xtechsgr/mish/lib/Varien/Autoload.php on line 94
2016-12-23T05:43:41+00:00 ERR (3): Warning: include(Ves/Optimize/Model/Processor.php): failed to open stream: No such file or directory  in /home/xtechsgr/xtechsgr/mish/lib/Varien/Autoload.php on line 94
2016-12-23T05:43:41+00:00 ERR (3): Warning: include(): Failed opening 'Ves/Optimize/Model/Processor.php' for inclusion (include_path='/home/xtechsgr/xtechsgr/mish/app/code/local:/home/xtechsgr/xtechsgr/mish/app/code/community:/home/xtechsgr/xtechsgr/mish/app/code/core:/home/xtechsgr/xtechsgr/mish/lib:.:/opt/alt/php56/usr/share/pear:/opt/alt/php56/usr/share/php')  in /home/xtechsgr/xtechsgr/mish/lib/Varien/Autoload.php on line 94
2016-12-23T05:46:26+00:00 ERR (3): Warning: include(Ves/Optimize/Model/Processor.php): failed to open stream: No such file or directory  in /home/xtechsgr/xtechsgr/mish/lib/Varien/Autoload.php on line 94
2016-12-23T05:46:26+00:00 ERR (3): Warning: include(Ves/Optimize/Model/Processor.php): failed to open stream: No such file or directory  in /home/xtechsgr/xtechsgr/mish/lib/Varien/Autoload.php on line 94
2016-12-23T05:46:26+00:00 ERR (3): Warning: include(): Failed opening 'Ves/Optimize/Model/Processor.php' for inclusion (include_path='/home/xtechsgr/xtechsgr/mish/app/code/local:/home/xtechsgr/xtechsgr/mish/app/code/community:/home/xtechsgr/xtechsgr/mish/app/code/core:/home/xtechsgr/xtechsgr/mish/lib:.:/opt/alt/php56/usr/share/pear:/opt/alt/php56/usr/share/php')  in /home/xtechsgr/xtechsgr/mish/lib/Varien/Autoload.php on line 94
2016-12-23T08:25:24+00:00 ERR (3): Warning: include(Ves/Optimize/Model/Processor.php): failed to open stream: No such file or directory  in /home/xtechsgr/xtechsgr/mish/lib/Varien/Autoload.php on line 94
2016-12-23T08:25:24+00:00 ERR (3): Warning: include(Ves/Optimize/Model/Processor.php): failed to open stream: No such file or directory  in /home/xtechsgr/xtechsgr/mish/lib/Varien/Autoload.php on line 94
2016-12-23T08:25:24+00:00 ERR (3): Warning: include(): Failed opening 'Ves/Optimize/Model/Processor.php' for inclusion (include_path='/home/xtechsgr/xtechsgr/mish/app/code/local:/home/xtechsgr/xtechsgr/mish/app/code/community:/home/xtechsgr/xtechsgr/mish/app/code/core:/home/xtechsgr/xtechsgr/mish/lib:.:/opt/alt/php56/usr/share/pear:/opt/alt/php56/usr/share/php')  in /home/xtechsgr/xtechsgr/mish/lib/Varien/Autoload.php on line 94
2016-12-23T08:25:30+00:00 ERR (3): Warning: include(Ves/Optimize/Model/Processor.php): failed to open stream: No such file or directory  in /home/xtechsgr/xtechsgr/mish/lib/Varien/Autoload.php on line 94
2016-12-23T08:25:30+00:00 ERR (3): Warning: include(Ves/Optimize/Model/Processor.php): failed to open stream: No such file or directory  in /home/xtechsgr/xtechsgr/mish/lib/Varien/Autoload.php on line 94
2016-12-23T08:25:30+00:00 ERR (3): Warning: include(): Failed opening 'Ves/Optimize/Model/Processor.php' for inclusion (include_path='/home/xtechsgr/xtechsgr/mish/app/code/local:/home/xtechsgr/xtechsgr/mish/app/code/community:/home/xtechsgr/xtechsgr/mish/app/code/core:/home/xtechsgr/xtechsgr/mish/lib:.:/opt/alt/php56/usr/share/pear:/opt/alt/php56/usr/share/php')  in /home/xtechsgr/xtechsgr/mish/lib/Varien/Autoload.php on line 94
2016-12-23T08:33:22+00:00 ERR (3): Warning: include(Ves/Optimize/Model/Processor.php): failed to open stream: No such file or directory  in /home/xtechsgr/xtechsgr/mish/lib/Varien/Autoload.php on line 94
2016-12-23T08:33:22+00:00 ERR (3): Warning: include(Ves/Optimize/Model/Processor.php): failed to open stream: No such file or directory  in /home/xtechsgr/xtechsgr/mish/lib/Varien/Autoload.php on line 94
2016-12-23T08:33:22+00:00 ERR (3): Warning: include(): Failed opening 'Ves/Optimize/Model/Processor.php' for inclusion (include_path='/home/xtechsgr/xtechsgr/mish/app/code/local:/home/xtechsgr/xtechsgr/mish/app/code/community:/home/xtechsgr/xtechsgr/mish/app/code/core:/home/xtechsgr/xtechsgr/mish/lib:.:/opt/alt/php56/usr/share/pear:/opt/alt/php56/usr/share/php')  in /home/xtechsgr/xtechsgr/mish/lib/Varien/Autoload.php on line 94
2016-12-23T08:33:25+00:00 ERR (3): Warning: include(Ves/Optimize/Model/Processor.php): failed to open stream: No such file or directory  in /home/xtechsgr/xtechsgr/mish/lib/Varien/Autoload.php on line 94
2016-12-23T08:33:25+00:00 ERR (3): Warning: include(Ves/Optimize/Model/Processor.php): failed to open stream: No such file or directory  in /home/xtechsgr/xtechsgr/mish/lib/Varien/Autoload.php on line 94
2016-12-23T08:33:25+00:00 ERR (3): Warning: include(): Failed opening 'Ves/Optimize/Model/Processor.php' for inclusion (include_path='/home/xtechsgr/xtechsgr/mish/app/code/local:/home/xtechsgr/xtechsgr/mish/app/code/community:/home/xtechsgr/xtechsgr/mish/app/code/core:/home/xtechsgr/xtechsgr/mish/lib:.:/opt/alt/php56/usr/share/pear:/opt/alt/php56/usr/share/php')  in /home/xtechsgr/xtechsgr/mish/lib/Varien/Autoload.php on line 94
2016-12-23T10:01:26+00:00 ERR (3): Warning: include(Ves/Optimize/Model/Processor.php): failed to open stream: No such file or directory  in /home/xtechsgr/xtechsgr/mish/lib/Varien/Autoload.php on line 94
2016-12-23T10:01:26+00:00 ERR (3): Warning: include(Ves/Optimize/Model/Processor.php): failed to open stream: No such file or directory  in /home/xtechsgr/xtechsgr/mish/lib/Varien/Autoload.php on line 94
2016-12-23T10:01:26+00:00 ERR (3): Warning: include(): Failed opening 'Ves/Optimize/Model/Processor.php' for inclusion (include_path='/home/xtechsgr/xtechsgr/mish/app/code/local:/home/xtechsgr/xtechsgr/mish/app/code/community:/home/xtechsgr/xtechsgr/mish/app/code/core:/home/xtechsgr/xtechsgr/mish/lib:.:/opt/alt/php56/usr/share/pear:/opt/alt/php56/usr/share/php')  in /home/xtechsgr/xtechsgr/mish/lib/Varien/Autoload.php on line 94
2016-12-23T10:25:12+00:00 ERR (3): Warning: include(Mage/Ves/Tempcp/Helper/Framework.php): failed to open stream: No such file or directory  in /home/xtechsgr/xtechsgr/mish/lib/Varien/Autoload.php on line 94
2016-12-23T10:25:12+00:00 ERR (3): Warning: include(Mage/Ves/Tempcp/Helper/Framework.php): failed to open stream: No such file or directory  in /home/xtechsgr/xtechsgr/mish/lib/Varien/Autoload.php on line 94
2016-12-23T10:25:12+00:00 ERR (3): Warning: include(): Failed opening 'Mage/Ves/Tempcp/Helper/Framework.php' for inclusion (include_path='/home/xtechsgr/xtechsgr/mish/app/code/local:/home/xtechsgr/xtechsgr/mish/app/code/community:/home/xtechsgr/xtechsgr/mish/app/code/core:/home/xtechsgr/xtechsgr/mish/lib:.:/opt/alt/php56/usr/share/pear:/opt/alt/php56/usr/share/php')  in /home/xtechsgr/xtechsgr/mish/lib/Varien/Autoload.php on line 94
2016-12-23T10:57:44+00:00 ERR (3): Warning: include(Mage/Ves/Tempcp/Helper/Framework.php): failed to open stream: No such file or directory  in /home/xtechsgr/xtechsgr/mish/lib/Varien/Autoload.php on line 94
2016-12-23T10:57:44+00:00 ERR (3): Warning: include(Mage/Ves/Tempcp/Helper/Framework.php): failed to open stream: No such file or directory  in /home/xtechsgr/xtechsgr/mish/lib/Varien/Autoload.php on line 94
2016-12-23T10:57:44+00:00 ERR (3): Warning: include(): Failed opening 'Mage/Ves/Tempcp/Helper/Framework.php' for inclusion (include_path='/home/xtechsgr/xtechsgr/mish/app/code/local:/home/xtechsgr/xtechsgr/mish/app/code/community:/home/xtechsgr/xtechsgr/mish/app/code/core:/home/xtechsgr/xtechsgr/mish/lib:.:/opt/alt/php56/usr/share/pear:/opt/alt/php56/usr/share/php')  in /home/xtechsgr/xtechsgr/mish/lib/Varien/Autoload.php on line 94
2016-12-23T11:32:07+00:00 ERR (3): Warning: include(Mage/Ves/Tempcp/Helper/Framework.php): failed to open stream: No such file or directory  in /home/xtechsgr/xtechsgr/mish/lib/Varien/Autoload.php on line 94
2016-12-23T11:32:07+00:00 ERR (3): Warning: include(Mage/Ves/Tempcp/Helper/Framework.php): failed to open stream: No such file or directory  in /home/xtechsgr/xtechsgr/mish/lib/Varien/Autoload.php on line 94
2016-12-23T11:32:07+00:00 ERR (3): Warning: include(): Failed opening 'Mage/Ves/Tempcp/Helper/Framework.php' for inclusion (include_path='/home/xtechsgr/xtechsgr/mish/app/code/local:/home/xtechsgr/xtechsgr/mish/app/code/community:/home/xtechsgr/xtechsgr/mish/app/code/core:/home/xtechsgr/xtechsgr/mish/lib:.:/opt/alt/php56/usr/share/pear:/opt/alt/php56/usr/share/php')  in /home/xtechsgr/xtechsgr/mish/lib/Varien/Autoload.php on line 94
2016-12-23T11:32:07+00:00 ERR (3): Warning: include(Mage/Ves/Tempcp/Helper/Framework.php): failed to open stream: No such file or directory  in /home/xtechsgr/xtechsgr/mish/lib/Varien/Autoload.php on line 94
2016-12-23T11:32:07+00:00 ERR (3): Warning: include(Mage/Ves/Tempcp/Helper/Framework.php): failed to open stream: No such file or directory  in /home/xtechsgr/xtechsgr/mish/lib/Varien/Autoload.php on line 94
2016-12-23T11:32:07+00:00 ERR (3): Warning: include(): Failed opening 'Mage/Ves/Tempcp/Helper/Framework.php' for inclusion (include_path='/home/xtechsgr/xtechsgr/mish/app/code/local:/home/xtechsgr/xtechsgr/mish/app/code/community:/home/xtechsgr/xtechsgr/mish/app/code/core:/home/xtechsgr/xtechsgr/mish/lib:.:/opt/alt/php56/usr/share/pear:/opt/alt/php56/usr/share/php')  in /home/xtechsgr/xtechsgr/mish/lib/Varien/Autoload.php on line 94
2016-12-23T12:45:06+00:00 ERR (3): Warning: include(Mage/Ves/Tempcp/Helper/Framework.php): failed to open stream: No such file or directory  in /home/xtechsgr/xtechsgr/mish/lib/Varien/Autoload.php on line 94
2016-12-23T12:45:06+00:00 ERR (3): Warning: include(Mage/Ves/Tempcp/Helper/Framework.php): failed to open stream: No such file or directory  in /home/xtechsgr/xtechsgr/mish/lib/Varien/Autoload.php on line 94
2016-12-23T12:45:06+00:00 ERR (3): Warning: include(): Failed opening 'Mage/Ves/Tempcp/Helper/Framework.php' for inclusion (include_path='/home/xtechsgr/xtechsgr/mish/app/code/local:/home/xtechsgr/xtechsgr/mish/app/code/community:/home/xtechsgr/xtechsgr/mish/app/code/core:/home/xtechsgr/xtechsgr/mish/lib:.:/opt/alt/php56/usr/share/pear:/opt/alt/php56/usr/share/php')  in /home/xtechsgr/xtechsgr/mish/lib/Varien/Autoload.php on line 94
2016-12-23T23:56:32+00:00 ERR (3): Warning: include(Mage/Ves/Tempcp/Helper/Framework.php): failed to open stream: No such file or directory  in /home/xtechsgr/xtechsgr/mish/lib/Varien/Autoload.php on line 94
2016-12-23T23:56:33+00:00 ERR (3): Warning: include(Mage/Ves/Tempcp/Helper/Framework.php): failed to open stream: No such file or directory  in /home/xtechsgr/xtechsgr/mish/lib/Varien/Autoload.php on line 94
2016-12-23T23:56:33+00:00 ERR (3): Warning: include(): Failed opening 'Mage/Ves/Tempcp/Helper/Framework.php' for inclusion (include_path='/home/xtechsgr/xtechsgr/mish/app/code/local:/home/xtechsgr/xtechsgr/mish/app/code/community:/home/xtechsgr/xtechsgr/mish/app/code/core:/home/xtechsgr/xtechsgr/mish/lib:.:/opt/alt/php56/usr/share/pear:/opt/alt/php56/usr/share/php')  in /home/xtechsgr/xtechsgr/mish/lib/Varien/Autoload.php on line 94
2016-12-23T23:56:33+00:00 ERR (3): Warning: include(Mage/Ves/Tempcp/Helper/Framework.php): failed to open stream: No such file or directory  in /home/xtechsgr/xtechsgr/mish/lib/Varien/Autoload.php on line 94
2016-12-23T23:56:33+00:00 ERR (3): Warning: include(Mage/Ves/Tempcp/Helper/Framework.php): failed to open stream: No such file or directory  in /home/xtechsgr/xtechsgr/mish/lib/Varien/Autoload.php on line 94
2016-12-23T23:56:33+00:00 ERR (3): Warning: include(): Failed opening 'Mage/Ves/Tempcp/Helper/Framework.php' for inclusion (include_path='/home/xtechsgr/xtechsgr/mish/app/code/local:/home/xtechsgr/xtechsgr/mish/app/code/community:/home/xtechsgr/xtechsgr/mish/app/code/core:/home/xtechsgr/xtechsgr/mish/lib:.:/opt/alt/php56/usr/share/pear:/opt/alt/php56/usr/share/php')  in /home/xtechsgr/xtechsgr/mish/lib/Varien/Autoload.php on line 94
2016-12-24T00:07:06+00:00 ERR (3): Warning: include(Mage/Ves/Tempcp/Helper/Framework.php): failed to open stream: No such file or directory  in /home/xtechsgr/xtechsgr/mish/lib/Varien/Autoload.php on line 94
2016-12-24T00:07:06+00:00 ERR (3): Warning: include(Mage/Ves/Tempcp/Helper/Framework.php): failed to open stream: No such file or directory  in /home/xtechsgr/xtechsgr/mish/lib/Varien/Autoload.php on line 94
2016-12-24T00:07:06+00:00 ERR (3): Warning: include(): Failed opening 'Mage/Ves/Tempcp/Helper/Framework.php' for inclusion (include_path='/home/xtechsgr/xtechsgr/mish/app/code/local:/home/xtechsgr/xtechsgr/mish/app/code/community:/home/xtechsgr/xtechsgr/mish/app/code/core:/home/xtechsgr/xtechsgr/mish/lib:.:/opt/alt/php56/usr/share/pear:/opt/alt/php56/usr/share/php')  in /home/xtechsgr/xtechsgr/mish/lib/Varien/Autoload.php on line 94
2016-12-25T03:59:48+00:00 ERR (3): Warning: include(Mage/Ves/Tempcp/Helper/Framework.php): failed to open stream: No such file or directory  in /home/xtechsgr/xtechsgr/mish/lib/Varien/Autoload.php on line 94
2016-12-25T03:59:48+00:00 ERR (3): Warning: include(Mage/Ves/Tempcp/Helper/Framework.php): failed to open stream: No such file or directory  in /home/xtechsgr/xtechsgr/mish/lib/Varien/Autoload.php on line 94
2016-12-25T03:59:48+00:00 ERR (3): Warning: include(): Failed opening 'Mage/Ves/Tempcp/Helper/Framework.php' for inclusion (include_path='/home/xtechsgr/xtechsgr/mish/app/code/local:/home/xtechsgr/xtechsgr/mish/app/code/community:/home/xtechsgr/xtechsgr/mish/app/code/core:/home/xtechsgr/xtechsgr/mish/lib:.:/opt/alt/php56/usr/share/pear:/opt/alt/php56/usr/share/php')  in /home/xtechsgr/xtechsgr/mish/lib/Varien/Autoload.php on line 94
2016-12-27T14:46:45+00:00 ERR (3): Warning: include(Mage/Ves/Tempcp/Helper/Framework.php): failed to open stream: No such file or directory  in /home/xtechsgr/xtechsgr/mish/lib/Varien/Autoload.php on line 94
2016-12-27T14:46:45+00:00 ERR (3): Warning: include(Mage/Ves/Tempcp/Helper/Framework.php): failed to open stream: No such file or directory  in /home/xtechsgr/xtechsgr/mish/lib/Varien/Autoload.php on line 94
2016-12-27T14:46:45+00:00 ERR (3): Warning: include(): Failed opening 'Mage/Ves/Tempcp/Helper/Framework.php' for inclusion (include_path='/home/xtechsgr/xtechsgr/mish/app/code/local:/home/xtechsgr/xtechsgr/mish/app/code/community:/home/xtechsgr/xtechsgr/mish/app/code/core:/home/xtechsgr/xtechsgr/mish/lib:.:/opt/alt/php56/usr/share/pear:/opt/alt/php56/usr/share/php')  in /home/xtechsgr/xtechsgr/mish/lib/Varien/Autoload.php on line 94
2016-12-29T06:10:10+00:00 ERR (3): Warning: include(Mage/Ves/Tempcp/Helper/Framework.php): failed to open stream: No such file or directory  in /home/xtechsgr/xtechsgr/mish/lib/Varien/Autoload.php on line 94
2016-12-29T06:10:10+00:00 ERR (3): Warning: include(Mage/Ves/Tempcp/Helper/Framework.php): failed to open stream: No such file or directory  in /home/xtechsgr/xtechsgr/mish/lib/Varien/Autoload.php on line 94
2016-12-29T06:10:10+00:00 ERR (3): Warning: include(): Failed opening 'Mage/Ves/Tempcp/Helper/Framework.php' for inclusion (include_path='/home/xtechsgr/xtechsgr/mish/app/code/local:/home/xtechsgr/xtechsgr/mish/app/code/community:/home/xtechsgr/xtechsgr/mish/app/code/core:/home/xtechsgr/xtechsgr/mish/lib:.:/opt/alt/php56/usr/share/pear:/opt/alt/php56/usr/share/php')  in /home/xtechsgr/xtechsgr/mish/lib/Varien/Autoload.php on line 94
2016-12-29T08:46:07+00:00 ERR (3): Warning: include(Mage/Ves/Tempcp/Helper/Framework.php): failed to open stream: No such file or directory  in /home/xtechsgr/xtechsgr/mish/lib/Varien/Autoload.php on line 94
2016-12-29T08:46:08+00:00 ERR (3): Warning: include(Mage/Ves/Tempcp/Helper/Framework.php): failed to open stream: No such file or directory  in /home/xtechsgr/xtechsgr/mish/lib/Varien/Autoload.php on line 94
2016-12-29T08:46:08+00:00 ERR (3): Warning: include(): Failed opening 'Mage/Ves/Tempcp/Helper/Framework.php' for inclusion (include_path='/home/xtechsgr/xtechsgr/mish/app/code/local:/home/xtechsgr/xtechsgr/mish/app/code/community:/home/xtechsgr/xtechsgr/mish/app/code/core:/home/xtechsgr/xtechsgr/mish/lib:.:/opt/alt/php56/usr/share/pear:/opt/alt/php56/usr/share/php')  in /home/xtechsgr/xtechsgr/mish/lib/Varien/Autoload.php on line 94
2016-12-29T08:46:08+00:00 ERR (3): Warning: include(Mage/Ves/Tempcp/Helper/Framework.php): failed to open stream: No such file or directory  in /home/xtechsgr/xtechsgr/mish/lib/Varien/Autoload.php on line 94
2016-12-29T08:46:08+00:00 ERR (3): Warning: include(Mage/Ves/Tempcp/Helper/Framework.php): failed to open stream: No such file or directory  in /home/xtechsgr/xtechsgr/mish/lib/Varien/Autoload.php on line 94
2016-12-29T08:46:08+00:00 ERR (3): Warning: include(): Failed opening 'Mage/Ves/Tempcp/Helper/Framework.php' for inclusion (include_path='/home/xtechsgr/xtechsgr/mish/app/code/local:/home/xtechsgr/xtechsgr/mish/app/code/community:/home/xtechsgr/xtechsgr/mish/app/code/core:/home/xtechsgr/xtechsgr/mish/lib:.:/opt/alt/php56/usr/share/pear:/opt/alt/php56/usr/share/php')  in /home/xtechsgr/xtechsgr/mish/lib/Varien/Autoload.php on line 94
